# JRE version: Java(TM) SE Runtime Environment (8.0_92-b14) (build 1.8.0_92-b14)
# Java VM: Java HotSpot(TM) 64-Bit Server VM (25.92-b14 mixed mode linux-amd64 compressed oops)
Heap:
 PSYoungGen      total 194560K, used 14838K [0x00000000eab00000, 0x00000000f9a80000, 0x0000000100000000)
  eden space 179712K, 0% used [0x00000000eab00000,0x00000000eab00000,0x00000000f5a80000)
  from space 14848K, 99% used [0x00000000f5a80000,0x00000000f68fd868,0x00000000f6900000)
  to   space 15360K, 0% used [0x00000000f6900000,0x00000000f6900000,0x00000000f7800000)
 ParOldGen       total 125440K, used 20919K [0x00000000c0000000, 0x00000000c7a80000, 0x00000000eab00000)
  object space 125440K, 16% used [0x00000000c0000000,0x00000000c146dda0,0x00000000c7a80000)
 Metaspace       used 49606K, capacity 50774K, committed 50944K, reserved 1093632K
  class space    used 6827K, capacity 7166K, committed 7168K, reserved 1048576K
GC Heap History (10 events):
Event: 3.925 GC heap after
Heap after GC invocations=4 (full 1):
 PSYoungGen      total 72192K, used 0K [0x00000000eab00000, 0x00000000f3800000, 0x0000000100000000)
  eden space 61952K, 0% used [0x00000000eab00000,0x00000000eab00000,0x00000000ee780000)
  from space 10240K, 0% used [0x00000000ee780000,0x00000000ee780000,0x00000000ef180000)
  to   space 10240K, 0% used [0x00000000f2e00000,0x00000000f2e00000,0x00000000f3800000)
 ParOldGen       total 88576K, used 7940K [0x00000000c0000000, 0x00000000c5680000, 0x00000000eab00000)
  object space 88576K, 8% used [0x00000000c0000000,0x00000000c07c13d0,0x00000000c5680000)
 Metaspace       used 20537K, capacity 21014K, committed 21296K, reserved 1067008K
  class space    used 2941K, capacity 3104K, committed 3200K, reserved 1048576K
}
Event: 4.614 GC heap before
{Heap before GC invocations=5 (full 1):
 PSYoungGen      total 72192K, used 61952K [0x00000000eab00000, 0x00000000f3800000, 0x0000000100000000)
  eden space 61952K, 100% used [0x00000000eab00000,0x00000000ee780000,0x00000000ee780000)
  from space 10240K, 0% used [0x00000000ee780000,0x00000000ee780000,0x00000000ef180000)
  to   space 10240K, 0% used [0x00000000f2e00000,0x00000000f2e00000,0x00000000f3800000)
 ParOldGen       total 88576K, used 7940K [0x00000000c0000000, 0x00000000c5680000, 0x00000000eab00000)
  object space 88576K, 8% used [0x00000000c0000000,0x00000000c07c13d0,0x00000000c5680000)
 Metaspace       used 25772K, capacity 26310K, committed 26624K, reserved 1073152K
  class space    used 3700K, capacity 3838K, committed 3840K, reserved 1048576K
Event: 4.629 GC heap after
Heap after GC invocations=5 (full 1):
 PSYoungGen      total 112640K, used 6820K [0x00000000eab00000, 0x00000000f3500000, 0x0000000100000000)
  eden space 105472K, 0% used [0x00000000eab00000,0x00000000eab00000,0x00000000f1200000)
  from space 7168K, 95% used [0x00000000f2e00000,0x00000000f34a90c8,0x00000000f3500000)
  to   space 10240K, 0% used [0x00000000f2100000,0x00000000f2100000,0x00000000f2b00000)
 ParOldGen       total 88576K, used 7948K [0x00000000c0000000, 0x00000000c5680000, 0x00000000eab00000)
  object space 88576K, 8% used [0x00000000c0000000,0x00000000c07c33d0,0x00000000c5680000)
 Metaspace       used 25772K, capacity 26310K, committed 26624K, reserved 1073152K
  class space    used 3700K, capacity 3838K, committed 3840K, reserved 1048576K
}
Event: 6.246 GC heap before
{Heap before GC invocations=6 (full 1):
 PSYoungGen      total 112640K, used 112292K [0x00000000eab00000, 0x00000000f3500000, 0x0000000100000000)
  eden space 105472K, 100% used [0x00000000eab00000,0x00000000f1200000,0x00000000f1200000)
  from space 7168K, 95% used [0x00000000f2e00000,0x00000000f34a90c8,0x00000000f3500000)
  to   space 10240K, 0% used [0x00000000f2100000,0x00000000f2100000,0x00000000f2b00000)
 ParOldGen       total 88576K, used 7948K [0x00000000c0000000, 0x00000000c5680000, 0x00000000eab00000)
  object space 88576K, 8% used [0x00000000c0000000,0x00000000c07c33d0,0x00000000c5680000)
 Metaspace       used 33278K, capacity 34082K, committed 34432K, reserved 1079296K
  class space    used 4693K, capacity 4951K, committed 4992K, reserved 1048576K
Event: 6.284 GC heap after
Heap after GC invocations=6 (full 1):
 PSYoungGen      total 131072K, used 10237K [0x00000000eab00000, 0x00000000f7800000, 0x0000000100000000)
  eden space 120832K, 0% used [0x00000000eab00000,0x00000000eab00000,0x00000000f2100000)
  from space 10240K, 99% used [0x00000000f2100000,0x00000000f2aff6d8,0x00000000f2b00000)
  to   space 15360K, 0% used [0x00000000f6900000,0x00000000f6900000,0x00000000f7800000)
 ParOldGen       total 88576K, used 12668K [0x00000000c0000000, 0x00000000c5680000, 0x00000000eab00000)
  object space 88576K, 14% used [0x00000000c0000000,0x00000000c0c5f280,0x00000000c5680000)
 Metaspace       used 33278K, capacity 34082K, committed 34432K, reserved 1079296K
  class space    used 4693K, capacity 4951K, committed 4992K, reserved 1048576K
}
Event: 6.538 GC heap before
{Heap before GC invocations=7 (full 1):
 PSYoungGen      total 131072K, used 21799K [0x00000000eab00000, 0x00000000f7800000, 0x0000000100000000)
  eden space 120832K, 9% used [0x00000000eab00000,0x00000000eb64a550,0x00000000f2100000)
  from space 10240K, 99% used [0x00000000f2100000,0x00000000f2aff6d8,0x00000000f2b00000)
  to   space 15360K, 0% used [0x00000000f6900000,0x00000000f6900000,0x00000000f7800000)
 ParOldGen       total 88576K, used 12668K [0x00000000c0000000, 0x00000000c5680000, 0x00000000eab00000)
  object space 88576K, 14% used [0x00000000c0000000,0x00000000c0c5f280,0x00000000c5680000)
 Metaspace       used 34324K, capacity 35200K, committed 35496K, reserved 1079296K
  class space    used 4825K, capacity 5090K, committed 5120K, reserved 1048576K
Event: 6.559 GC heap after
Heap after GC invocations=7 (full 1):
 PSYoungGen      total 195072K, used 10293K [0x00000000eab00000, 0x00000000f9a80000, 0x0000000100000000)
  eden space 179712K, 0% used [0x00000000eab00000,0x00000000eab00000,0x00000000f5a80000)
  from space 15360K, 67% used [0x00000000f6900000,0x00000000f730d4b8,0x00000000f7800000)
  to   space 14848K, 0% used [0x00000000f5a80000,0x00000000f5a80000,0x00000000f6900000)
 ParOldGen       total 88576K, used 12676K [0x00000000c0000000, 0x00000000c5680000, 0x00000000eab00000)
  object space 88576K, 14% used [0x00000000c0000000,0x00000000c0c61280,0x00000000c5680000)
 Metaspace       used 34324K, capacity 35200K, committed 35496K, reserved 1079296K
  class space    used 4825K, capacity 5090K, committed 5120K, reserved 1048576K
}
Event: 6.559 GC heap before
{Heap before GC invocations=8 (full 2):
 PSYoungGen      total 195072K, used 10293K [0x00000000eab00000, 0x00000000f9a80000, 0x0000000100000000)
  eden space 179712K, 0% used [0x00000000eab00000,0x00000000eab00000,0x00000000f5a80000)
  from space 15360K, 67% used [0x00000000f6900000,0x00000000f730d4b8,0x00000000f7800000)
  to   space 14848K, 0% used [0x00000000f5a80000,0x00000000f5a80000,0x00000000f6900000)
 ParOldGen       total 88576K, used 12676K [0x00000000c0000000, 0x00000000c5680000, 0x00000000eab00000)
  object space 88576K, 14% used [0x00000000c0000000,0x00000000c0c61280,0x00000000c5680000)
 Metaspace       used 34324K, capacity 35200K, committed 35496K, reserved 1079296K
  class space    used 4825K, capacity 5090K, committed 5120K, reserved 1048576K
Event: 6.624 GC heap after
Heap after GC invocations=8 (full 2):
 PSYoungGen      total 195072K, used 0K [0x00000000eab00000, 0x00000000f9a80000, 0x0000000100000000)
  eden space 179712K, 0% used [0x00000000eab00000,0x00000000eab00000,0x00000000f5a80000)
  from space 15360K, 0% used [0x00000000f6900000,0x00000000f6900000,0x00000000f7800000)
  to   space 14848K, 0% used [0x00000000f5a80000,0x00000000f5a80000,0x00000000f6900000)
 ParOldGen       total 125440K, used 16531K [0x00000000c0000000, 0x00000000c7a80000, 0x00000000eab00000)
  object space 125440K, 13% used [0x00000000c0000000,0x00000000c1024d48,0x00000000c7a80000)
 Metaspace       used 34275K, capacity 35080K, committed 35496K, reserved 1079296K
  class space    used 4812K, capacity 5050K, committed 5120K, reserved 1048576K
}
Event: 8.738 GC heap before
{Heap before GC invocations=9 (full 2):
 PSYoungGen      total 195072K, used 179712K [0x00000000eab00000, 0x00000000f9a80000, 0x0000000100000000)
  eden space 179712K, 100% used [0x00000000eab00000,0x00000000f5a80000,0x00000000f5a80000)
  from space 15360K, 0% used [0x00000000f6900000,0x00000000f6900000,0x00000000f7800000)
  to   space 14848K, 0% used [0x00000000f5a80000,0x00000000f5a80000,0x00000000f6900000)
 ParOldGen       total 125440K, used 16531K [0x00000000c0000000, 0x00000000c7a80000, 0x00000000eab00000)
  object space 125440K, 13% used [0x00000000c0000000,0x00000000c1024d48,0x00000000c7a80000)
 Metaspace       used 49606K, capacity 50774K, committed 50944K, reserved 1093632K
  class space    used 6827K, capacity 7166K, committed 7168K, reserved 1048576K

